  Main.cpp
c:\users\alejandro\desktop\proyectos\graficas_1\proyecto_1\src\main.cpp(287): warning C4244: '=': conversión de 'int' a 'float'; posible pérdida de datos
c:\users\alejandro\desktop\proyectos\graficas_1\proyecto_1\src\main.cpp(293): warning C4244: 'argumento': conversión de 'float' a 'const unsigned int'; posible pérdida de datos
  Triangulo.cpp
c:\users\alejandro\desktop\proyectos\graficas_1\proyecto_1\src\triangulo.cpp(34): warning C4244: 'argumento': conversión de 'float' a 'int'; posible pérdida de datos
c:\users\alejandro\desktop\proyectos\graficas_1\proyecto_1\src\triangulo.cpp(35): warning C4244: 'argumento': conversión de 'float' a 'int'; posible pérdida de datos
c:\users\alejandro\desktop\proyectos\graficas_1\proyecto_1\src\triangulo.cpp(36): warning C4244: 'argumento': conversión de 'float' a 'int'; posible pérdida de datos
c:\users\alejandro\desktop\proyectos\graficas_1\proyecto_1\src\triangulo.cpp(200): warning C4244: 'argumento': conversión de 'float' a 'int'; posible pérdida de datos
c:\users\alejandro\desktop\proyectos\graficas_1\proyecto_1\src\triangulo.cpp(201): warning C4244: 'argumento': conversión de 'float' a 'int'; posible pérdida de datos
c:\users\alejandro\desktop\proyectos\graficas_1\proyecto_1\src\triangulo.cpp(202): warning C4244: 'argumento': conversión de 'float' a 'int'; posible pérdida de datos
c:\users\alejandro\desktop\proyectos\graficas_1\proyecto_1\src\triangulo.cpp(203): warning C4244: 'argumento': conversión de 'float' a 'int'; posible pérdida de datos
c:\users\alejandro\desktop\proyectos\graficas_1\proyecto_1\src\triangulo.cpp(210): warning C4305: '=': truncamiento de 'int' a 'float'
c:\users\alejandro\desktop\proyectos\graficas_1\proyecto_1\src\triangulo.cpp(211): warning C4305: '=': truncamiento de 'int' a 'float'
c:\users\alejandro\desktop\proyectos\graficas_1\proyecto_1\src\triangulo.cpp(231): warning C4244: 'argumento': conversión de 'float' a 'int'; posible pérdida de datos
c:\users\alejandro\desktop\proyectos\graficas_1\proyecto_1\src\triangulo.cpp(232): warning C4244: 'argumento': conversión de 'float' a 'int'; posible pérdida de datos
c:\users\alejandro\desktop\proyectos\graficas_1\proyecto_1\src\triangulo.cpp(233): warning C4244: 'argumento': conversión de 'float' a 'int'; posible pérdida de datos
c:\users\alejandro\desktop\proyectos\graficas_1\proyecto_1\src\triangulo.cpp(244): warning C4244: 'argumento': conversión de '_Ty2' a 'int'; posible pérdida de datos
          with
          [
              _Ty2=float
          ]
c:\users\alejandro\desktop\proyectos\graficas_1\proyecto_1\src\triangulo.cpp(244): warning C4244: 'argumento': conversión de '_Ty1' a 'int'; posible pérdida de datos
          with
          [
              _Ty1=float
          ]
c:\users\alejandro\desktop\proyectos\graficas_1\proyecto_1\src\triangulo.cpp(245): warning C4018: '<': no coinciden signed/unsigned
c:\users\alejandro\desktop\proyectos\graficas_1\proyecto_1\src\triangulo.cpp(251): warning C4018: '<': no coinciden signed/unsigned
c:\users\alejandro\desktop\proyectos\graficas_1\proyecto_1\src\triangulo.cpp(264): warning C4244: 'argumento': conversión de '_Ty2' a 'int'; posible pérdida de datos
          with
          [
              _Ty2=float
          ]
c:\users\alejandro\desktop\proyectos\graficas_1\proyecto_1\src\triangulo.cpp(264): warning C4244: 'argumento': conversión de '_Ty1' a 'int'; posible pérdida de datos
          with
          [
              _Ty1=float
          ]
c:\users\alejandro\desktop\proyectos\graficas_1\proyecto_1\src\triangulo.cpp(265): warning C4018: '<': no coinciden signed/unsigned
c:\users\alejandro\desktop\proyectos\graficas_1\proyecto_1\src\triangulo.cpp(271): warning C4018: '<': no coinciden signed/unsigned
c:\program files (x86)\microsoft visual studio\2017\community\vc\tools\msvc\14.15.26726\include\utility(172): warning C4244: 'inicializando': conversión de 'int' a '_Ty1'; posible pérdida de datos
          with
          [
              _Ty1=float
          ]
  c:\users\alejandro\desktop\proyectos\graficas_1\proyecto_1\src\triangulo.cpp(296): note: vea la referencia a la creación de instancias de plantilla de función 'std::pair<float,float>::pair<int&,int&,0>(_Other1,_Other2) noexcept' que se está compilando
          with
          [
              _Other1=int &,
              _Other2=int &
          ]
  c:\users\alejandro\desktop\proyectos\graficas_1\proyecto_1\src\triangulo.cpp(296): note: vea la referencia a la creación de instancias de plantilla de función 'std::pair<float,float>::pair<int&,int&,0>(_Other1,_Other2) noexcept' que se está compilando
          with
          [
              _Other1=int &,
              _Other2=int &
          ]
c:\program files (x86)\microsoft visual studio\2017\community\vc\tools\msvc\14.15.26726\include\utility(173): warning C4244: 'inicializando': conversión de 'int' a '_Ty2'; posible pérdida de datos
          with
          [
              _Ty2=float
          ]
  Generando código
  Generación de código finalizada
  10 of 316 functions ( 3.2%) were compiled, the rest were copied from previous compilation.
    3 functions were new in current compilation
    9 functions had inline decision re-evaluated but remain unchanged
  ICG - Plantilla.vcxproj -> C:\Users\Alejandro\Desktop\Proyectos\Graficas_1\Proyecto_1\Release\ICG - Plantilla.exe
